Using pre-set license
Built from '2021.2/staging' branch; Version is '2021.2.17f1 (efb8f635e7b1) revision 15710454'; Using compiler version '192829333'; Build Type 'Release'
OS: 'Windows 10  (10.0.19043) 64bit Core' Language: 'fr' Physical Memory: 8075 MB
BatchMode: 1, IsHumanControllingUs: 0, StartBugReporterOnCrash: 0, Is64bit: 1, IsPro: 1

COMMAND LINE ARGUMENTS:
C:\Program Files\Unity\Hub\Editor\2021.2.17f1\Editor\Unity.exe
-adb2
-batchMode
-noUpm
-name
AssetImportWorker5
-projectPath
D:/Travail perso/Jam Poisson/Poisson_GJ/Poisson_GJ
-logFile
Logs/AssetImportWorker5.log
-srvPort
53339
Successfully changed project path to: D:/Travail perso/Jam Poisson/Poisson_GJ/Poisson_GJ
D:/Travail perso/Jam Poisson/Poisson_GJ/Poisson_GJ
[UnityMemory] Configuration Parameters - Can be set up in boot.config
    "memorysetup-bucket-allocator-granularity=16"
    "memorysetup-bucket-allocator-bucket-count=8"
    "memorysetup-bucket-allocator-block-size=33554432"
    "memorysetup-bucket-allocator-block-count=8"
    "memorysetup-main-allocator-block-size=16777216"
    "memorysetup-thread-allocator-block-size=16777216"
    "memorysetup-gfx-main-allocator-block-size=16777216"
    "memorysetup-gfx-thread-allocator-block-size=16777216"
    "memorysetup-cache-allocator-block-size=4194304"
    "memorysetup-typetree-allocator-block-size=2097152"
    "memorysetup-profiler-bucket-allocator-granularity=16"
    "memorysetup-profiler-bucket-allocator-bucket-count=8"
    "memorysetup-profiler-bucket-allocator-block-size=33554432"
    "memorysetup-profiler-bucket-allocator-block-count=8"
    "memorysetup-profiler-allocator-block-size=16777216"
    "memorysetup-profiler-editor-allocator-block-size=1048576"
    "memorysetup-temp-allocator-size-main=16777216"
    "memorysetup-job-temp-allocator-block-size=2097152"
    "memorysetup-job-temp-allocator-block-size-background=1048576"
    "memorysetup-job-temp-allocator-reduction-small-platforms=262144"
    "memorysetup-temp-allocator-size-background-worker=32768"
    "memorysetup-temp-allocator-size-job-worker=262144"
    "memorysetup-temp-allocator-size-preload-manager=33554432"
    "memorysetup-temp-allocator-size-nav-mesh-worker=65536"
    "memorysetup-temp-allocator-size-audio-worker=65536"
    "memorysetup-temp-allocator-size-cloud-worker=32768"
    "memorysetup-temp-allocator-size-gi-baking-worker=262144"
    "memorysetup-temp-allocator-size-gfx=262144"
Refreshing native plugins compatible for Editor in 160.35 ms, found 4 plugins.
Preloading 0 native plugins for Editor in 0.00 ms.
Initialize engine version: 2021.2.17f1 (efb8f635e7b1)
[Subsystems] Discovering subsystems at path C:/Program Files/Unity/Hub/Editor/2021.2.17f1/Editor/Data/Resources/UnitySubsystems
[Subsystems] Discovering subsystems at path D:/Travail perso/Jam Poisson/Poisson_GJ/Poisson_GJ/Assets
GfxDevice: creating device client; threaded=0; jobified=0
Direct3D:
    Version:  Direct3D 11.0 [level 11.1]
    Renderer: NVIDIA GeForce GTX 1050 (ID=0x1c8d)
    Vendor:   NVIDIA
    VRAM:     4021 MB
    Driver:   24.21.13.9924
Initialize mono
Mono path[0] = 'C:/Program Files/Unity/Hub/Editor/2021.2.17f1/Editor/Data/Managed'
Mono path[1] = 'C:/Program Files/Unity/Hub/Editor/2021.2.17f1/Editor/Data/MonoBleedingEdge/lib/mono/unityjit-win32'
Mono config path = 'C:/Program Files/Unity/Hub/Editor/2021.2.17f1/Editor/Data/MonoBleedingEdge/etc'
Using monoOptions --debugger-agent=transport=dt_socket,embedding=1,server=y,suspend=n,address=127.0.0.1:56064
Begin MonoManager ReloadAssembly
Registering precompiled unity dll's ...
Register platform support module: C:/Program Files/Unity/Hub/Editor/2021.2.17f1/Editor/Data/PlaybackEngines/WindowsStandaloneSupport/UnityEditor.WindowsStandalone.Extensions.dll
Registered in 0.011650 seconds.
Native extension for WindowsStandalone target not found
Refreshing native plugins compatible for Editor in 165.10 ms, found 4 plugins.
Preloading 0 native plugins for Editor in 0.00 ms.
Mono: successfully reloaded assembly
- Completed reload, in  0.848 seconds
Domain Reload Profiling:
	ReloadAssembly (848ms)
		BeginReloadAssembly (91ms)
			ExecutionOrderSort (0ms)
			DisableScriptedObjects (0ms)
			BackupInstance (0ms)
			ReleaseScriptingObjects (0ms)
			CreateAndSetChildDomain (1ms)
		EndReloadAssembly (620ms)
			LoadAssemblies (87ms)
			RebuildTransferFunctionScriptingTraits (0ms)
			SetupTypeCache (127ms)
			ReleaseScriptCaches (0ms)
			RebuildScriptCaches (35ms)
			SetupLoadedEditorAssemblies (397ms)
				LogAssemblyErrors (0ms)
				InitializePlatformSupportModulesInManaged (10ms)
				SetLoadedEditorAssemblies (0ms)
				RefreshPlugins (165ms)
				BeforeProcessingInitializeOnLoad (2ms)
				ProcessInitializeOnLoadAttributes (165ms)
				ProcessInitializeOnLoadMethodAttributes (54ms)
				AfterProcessingInitializeOnLoad (0ms)
				EditorAssembliesLoaded (1ms)
			ExecutionOrderSort2 (0ms)
			AwakeInstancesAfterBackupRestoration (0ms)
Platform modules already initialized, skipping
Registering precompiled user dll's ...
Registered in 0.005787 seconds.
Begin MonoManager ReloadAssembly
Symbol file LoadedFromMemory doesn't match image D:\Travail perso\Jam Poisson\Poisson_GJ\Poisson_GJ\Library\PackageCache\com.unity.visualscripting@1.7.6\Editor\VisualScripting.Core\Dependencies\YamlDotNet\Unity.VisualScripting.YamlDotNet.dll
Symbol file LoadedFromMemory doesn't match image D:\Travail perso\Jam Poisson\Poisson_GJ\Poisson_GJ\Library\PackageCache\com.unity.visualscripting@1.7.6\Editor\VisualScripting.Core\Dependencies\DotNetZip\Unity.VisualScripting.IonicZip.dll
Native extension for WindowsStandalone target not found
Refreshing native plugins compatible for Editor in 159.21 ms, found 4 plugins.
Preloading 0 native plugins for Editor in 0.00 ms.
Mono: successfully reloaded assembly
- Completed reload, in  7.039 seconds
Domain Reload Profiling:
	ReloadAssembly (7040ms)
		BeginReloadAssembly (141ms)
			ExecutionOrderSort (0ms)
			DisableScriptedObjects (9ms)
			BackupInstance (0ms)
			ReleaseScriptingObjects (0ms)
			CreateAndSetChildDomain (23ms)
		EndReloadAssembly (6757ms)
			LoadAssemblies (114ms)
			RebuildTransferFunctionScriptingTraits (0ms)
			SetupTypeCache (398ms)
			ReleaseScriptCaches (1ms)
			RebuildScriptCaches (83ms)
			SetupLoadedEditorAssemblies (6106ms)
				LogAssemblyErrors (0ms)
				InitializePlatformSupportModulesInManaged (6ms)
				SetLoadedEditorAssemblies (0ms)
				RefreshPlugins (159ms)
				BeforeProcessingInitializeOnLoad (164ms)
				ProcessInitializeOnLoadAttributes (5657ms)
				ProcessInitializeOnLoadMethodAttributes (109ms)
				AfterProcessingInitializeOnLoad (12ms)
				EditorAssembliesLoaded (0ms)
			ExecutionOrderSort2 (0ms)
			AwakeInstancesAfterBackupRestoration (7ms)
Platform modules already initialized, skipping
========================================================================
Worker process is ready to serve import requests
Launched and connected shader compiler UnityShaderCompiler.exe after 0.16 seconds
Refreshing native plugins compatible for Editor in 1.16 ms, found 4 plugins.
Preloading 0 native plugins for Editor in 0.00 ms.
Unloading 5453 Unused Serialized files (Serialized files now loaded: 0)
Unloading 42 unused Assets / (0.8 MB). Loaded Objects now: 5908.
Memory consumption went from 209.6 MB to 208.9 MB.
Total: 6.289100 ms (FindLiveObjects: 0.788900 ms CreateObjectMapping: 0.613800 ms MarkObjects: 4.382600 ms  DeleteObjects: 0.502600 ms)

AssetImportParameters requested are different than current active one (requested -> active):
  custom:video-decoder-ogg-theora: a1e56fd34408186e4bbccfd4996cb3dc -> 
  custom:container-muxer-webm: aa71ff27fc2769a1b78a27578f13a17b -> 
  custom:container-demuxer-webm: 4f35f7cbe854078d1ac9338744f61a02 -> 
  custom:video-encoder-webm-vp8: eb34c28f22e8b96e1ab97ce403110664 -> 
  custom:video-codec-MediaFoundation-h265: 746d11721c4dcdbdad8f713fa42b33f4 -> 
  custom:audio-encoder-webm-vorbis: bf7c407c2cedff20999df2af8eb42d56 -> 
  custom:framework-win-MediaFoundation: 216162199b28c13a410421893ffa2e32 -> 
  custom:container-demuxer-ogg: 62fdf1f143b41e24485cea50d1cbac27 -> 
  custom:video-decoder-webm-vp8: 9c59270c3fd7afecdb556c50c9e8de78 -> 
  custom:audio-decoder-ogg-vorbis: bf7c407c2cedff20999df2af8eb42d56 -> 
========================================================================
Received Import Request.
  Time since last request: 254816.986678 seconds.
  path: Assets/Animations/Fish/FishAnim_00002.png
  artifactKey: Guid(f40fa5a5e87cc464bad4402f6967db26) Importer(815301076,1909f56bfc062723c751e8b465ee728b)
Start importing Assets/Animations/Fish/FishAnim_00002.png using Guid(f40fa5a5e87cc464bad4402f6967db26) Importer(815301076,1909f56bfc062723c751e8b465ee728b)  -> (artifact id: '23b15b8425c4d66204a41cdb575e5821') in 0.112759 seconds 
========================================================================
Received Import Request.
  Time since last request: 0.000035 seconds.
  path: Assets/Animations/Fish/FishAnim_00003.png
  artifactKey: Guid(eec258947c76bd2469502b45375664f0) Importer(815301076,1909f56bfc062723c751e8b465ee728b)
Start importing Assets/Animations/Fish/FishAnim_00003.png using Guid(eec258947c76bd2469502b45375664f0) Importer(815301076,1909f56bfc062723c751e8b465ee728b)  -> (artifact id: '4894058a55dcf10ffffd9e599e50371e') in 0.056193 seconds 
========================================================================
Received Import Request.
  Time since last request: 48.813679 seconds.
  path: Assets/Animations/Fish/FishAnim_00001.png
  artifactKey: Guid(168bc2a2101884b4282563af08a3c4ed) Importer(815301076,1909f56bfc062723c751e8b465ee728b)
Start importing Assets/Animations/Fish/FishAnim_00001.png using Guid(168bc2a2101884b4282563af08a3c4ed) Importer(815301076,1909f56bfc062723c751e8b465ee728b)  -> (artifact id: '6c9ee373fde7c73b7c6fa6af8b680c1b') in 0.130371 seconds 
========================================================================
Received Import Request.
  Time since last request: 0.000116 seconds.
  path: Assets/Animations/Fish/FishAnim_00002.png
  artifactKey: Guid(f40fa5a5e87cc464bad4402f6967db26) Importer(815301076,1909f56bfc062723c751e8b465ee728b)
Start importing Assets/Animations/Fish/FishAnim_00002.png using Guid(f40fa5a5e87cc464bad4402f6967db26) Importer(815301076,1909f56bfc062723c751e8b465ee728b)  -> (artifact id: '3625cad99ea629786df0c7f51ed677aa') in 0.031498 seconds 
========================================================================
Received Import Request.
  Time since last request: 0.000047 seconds.
  path: Assets/Animations/Fish/FishAnim_00007.png
  artifactKey: Guid(f87539f1667bc0648af59d21efa7d41b) Importer(815301076,1909f56bfc062723c751e8b465ee728b)
Start importing Assets/Animations/Fish/FishAnim_00007.png using Guid(f87539f1667bc0648af59d21efa7d41b) Importer(815301076,1909f56bfc062723c751e8b465ee728b)  -> (artifact id: '8a83b3baed052bad11dabb6ba2656b1b') in 0.055484 seconds 
========================================================================
Received Import Request.
  Time since last request: 0.000029 seconds.
  path: Assets/Animations/Fish/FishAnim_00011.png
  artifactKey: Guid(3a60f5f86a7815142ae94f24bb1845d7) Importer(815301076,1909f56bfc062723c751e8b465ee728b)
Start importing Assets/Animations/Fish/FishAnim_00011.png using Guid(3a60f5f86a7815142ae94f24bb1845d7) Importer(815301076,1909f56bfc062723c751e8b465ee728b)  -> (artifact id: '88e003364505db97ca45a1b7735ba3d9') in 0.041498 seconds 
========================================================================
Received Import Request.
  Time since last request: 0.000051 seconds.
  path: Assets/Animations/Fish/FishAnim_00005.png
  artifactKey: Guid(44b41b89ec3182f4a9728d28988f0037) Importer(815301076,1909f56bfc062723c751e8b465ee728b)
Start importing Assets/Animations/Fish/FishAnim_00005.png using Guid(44b41b89ec3182f4a9728d28988f0037) Importer(815301076,1909f56bfc062723c751e8b465ee728b)  -> (artifact id: '6c4ee00f5b0c472999d6ee7f4cc35f32') in 0.048099 seconds 
========================================================================
Received Import Request.
  Time since last request: 0.000077 seconds.
  path: Assets/Animations/Fish/FishAnim_00010.png
  artifactKey: Guid(b096f5eb5d6678d439bde52c9d817df3) Importer(815301076,1909f56bfc062723c751e8b465ee728b)
Start importing Assets/Animations/Fish/FishAnim_00010.png using Guid(b096f5eb5d6678d439bde52c9d817df3) Importer(815301076,1909f56bfc062723c751e8b465ee728b)  -> (artifact id: '517aeee4faa7e53ff0ff0999eae309ef') in 0.036205 seconds 
========================================================================
Received Import Request.
  Time since last request: 0.000047 seconds.
  path: Assets/Animations/Fish/FishAnim_00006.png
  artifactKey: Guid(c7c9ba53add7f8c4d91bc1ab70f31793) Importer(815301076,1909f56bfc062723c751e8b465ee728b)
Start importing Assets/Animations/Fish/FishAnim_00006.png using Guid(c7c9ba53add7f8c4d91bc1ab70f31793) Importer(815301076,1909f56bfc062723c751e8b465ee728b)  -> (artifact id: 'f5bda984f65af6744dd5e5ca3bb9d841') in 0.030587 seconds 
========================================================================
Received Import Request.
  Time since last request: 668.110370 seconds.
  path: Assets/Prefab/JellyFish.prefab
  artifactKey: Guid(cb2f6a9e68e122d4a9342c25bcd1c5bb) Importer(815301076,1909f56bfc062723c751e8b465ee728b)
Start importing Assets/Prefab/JellyFish.prefab using Guid(cb2f6a9e68e122d4a9342c25bcd1c5bb) Importer(815301076,1909f56bfc062723c751e8b465ee728b)  -> (artifact id: 'b1d0644b733cd41a6e820c694a9a396f') in 0.309939 seconds 
========================================================================
Received Import Request.
  Time since last request: 0.000026 seconds.
  path: Assets/Prefab/RockWall8.prefab
  artifactKey: Guid(076ec6b485e7a264d92e36459eed1b1d) Importer(815301076,1909f56bfc062723c751e8b465ee728b)
Start importing Assets/Prefab/RockWall8.prefab using Guid(076ec6b485e7a264d92e36459eed1b1d) Importer(815301076,1909f56bfc062723c751e8b465ee728b)  -> (artifact id: '0ac78b400fcf94698606bf831ba91256') in 0.254070 seconds 
========================================================================
Received Import Request.
  Time since last request: 0.000176 seconds.
  path: Assets/Prefab/RockWall1.prefab
  artifactKey: Guid(b631f9cd519d5264890c936a81154eab) Importer(815301076,1909f56bfc062723c751e8b465ee728b)
Start importing Assets/Prefab/RockWall1.prefab using Guid(b631f9cd519d5264890c936a81154eab) Importer(815301076,1909f56bfc062723c751e8b465ee728b)  -> (artifact id: 'e910eeafda0e6529fc0b98c1fc041eee') in 0.244522 seconds 
========================================================================
Received Import Request.
  Time since last request: 0.000025 seconds.
  path: Assets/Prefab/RockBorder4.prefab
  artifactKey: Guid(f4bfb9440d2d7c94abc76f7c22e2f6da) Importer(815301076,1909f56bfc062723c751e8b465ee728b)
Start importing Assets/Prefab/RockBorder4.prefab using Guid(f4bfb9440d2d7c94abc76f7c22e2f6da) Importer(815301076,1909f56bfc062723c751e8b465ee728b)  -> (artifact id: 'f87fc1c0c50a3b394eb2e4ab8b94de9c') in 0.170818 seconds 
========================================================================
Received Import Request.
  Time since last request: 0.000033 seconds.
  path: Assets/Prefab/RockBorder2.prefab
  artifactKey: Guid(be1b4c12e8889ad4eb2f5cb3eb170565) Importer(815301076,1909f56bfc062723c751e8b465ee728b)
Start importing Assets/Prefab/RockBorder2.prefab using Guid(be1b4c12e8889ad4eb2f5cb3eb170565) Importer(815301076,1909f56bfc062723c751e8b465ee728b)  -> (artifact id: '8d4b862cc163410ac3192d1979b890e9') in 0.093710 seconds 
========================================================================
Received Import Request.
  Time since last request: 0.000038 seconds.
  path: Assets/Prefab/RockWall.prefab
  artifactKey: Guid(9611a2adc0845284382da7a01e329724) Importer(815301076,1909f56bfc062723c751e8b465ee728b)
Start importing Assets/Prefab/RockWall.prefab using Guid(9611a2adc0845284382da7a01e329724) Importer(815301076,1909f56bfc062723c751e8b465ee728b)  -> (artifact id: 'b044448ba5cadd93afed0046f3031100') in 0.154413 seconds 
========================================================================
Received Import Request.
  Time since last request: 0.000126 seconds.
  path: Assets/Prefab/RockWall5.prefab
  artifactKey: Guid(1d50850a137555d44a7eddbf08abddaa) Importer(815301076,1909f56bfc062723c751e8b465ee728b)
Start importing Assets/Prefab/RockWall5.prefab using Guid(1d50850a137555d44a7eddbf08abddaa) Importer(815301076,1909f56bfc062723c751e8b465ee728b)  -> (artifact id: '22284ece51d63a225b687f178363aef7') in 0.208727 seconds 
========================================================================
Received Import Request.
  Time since last request: 0.000027 seconds.
  path: Assets/Prefab/RockWall9.prefab
  artifactKey: Guid(ac8a7d9e640259b49bcd54639cd286e3) Importer(815301076,1909f56bfc062723c751e8b465ee728b)
Start importing Assets/Prefab/RockWall9.prefab using Guid(ac8a7d9e640259b49bcd54639cd286e3) Importer(815301076,1909f56bfc062723c751e8b465ee728b)  -> (artifact id: '898c7f0a75983c4e8ab505223a6a562c') in 0.145564 seconds 
========================================================================
Received Import Request.
  Time since last request: 0.000076 seconds.
  path: Assets/Prefab/RockWall3.prefab
  artifactKey: Guid(d6542e97471c1d64da39537c791fa183) Importer(815301076,1909f56bfc062723c751e8b465ee728b)
Start importing Assets/Prefab/RockWall3.prefab using Guid(d6542e97471c1d64da39537c791fa183) Importer(815301076,1909f56bfc062723c751e8b465ee728b)  -> (artifact id: '400245874461e7d85efb131841a58be2') in 0.167451 seconds 
========================================================================
Received Import Request.
  Time since last request: 484.405173 seconds.
  path: Assets/Animations/Jellyfish/Rebond/Rebond_00001.png
  artifactKey: Guid(c4a1ed539563aa3469e5881ed398928e) Importer(815301076,1909f56bfc062723c751e8b465ee728b)
Start importing Assets/Animations/Jellyfish/Rebond/Rebond_00001.png using Guid(c4a1ed539563aa3469e5881ed398928e) Importer(815301076,1909f56bfc062723c751e8b465ee728b)  -> (artifact id: 'b9539df0a5d07488ee0411edea8eeeb3') in 0.176353 seconds 
========================================================================
Received Import Request.
  Time since last request: 0.000074 seconds.
  path: Assets/Animations/Jellyfish/Rebond/Rebond_00010.png
  artifactKey: Guid(362aebad5bb97d344a001ada6d921924) Importer(815301076,1909f56bfc062723c751e8b465ee728b)
Start importing Assets/Animations/Jellyfish/Rebond/Rebond_00010.png using Guid(362aebad5bb97d344a001ada6d921924) Importer(815301076,1909f56bfc062723c751e8b465ee728b)  -> (artifact id: '3318cb0de02e09e9a359648e1d433aff') in 0.114173 seconds 
========================================================================
Received Import Request.
  Time since last request: 0.000035 seconds.
  path: Assets/Animations/Jellyfish/Rebond/Rebond_00017.png
  artifactKey: Guid(1aec05f0466b13a4d888344837c9c31d) Importer(815301076,1909f56bfc062723c751e8b465ee728b)
Start importing Assets/Animations/Jellyfish/Rebond/Rebond_00017.png using Guid(1aec05f0466b13a4d888344837c9c31d) Importer(815301076,1909f56bfc062723c751e8b465ee728b)  -> (artifact id: 'b40c2fc82f1ddd389baf192507f7adaf') in 0.100773 seconds 
========================================================================
Received Import Request.
  Time since last request: 0.000055 seconds.
  path: Assets/Animations/Jellyfish/Rebond/Rebond_00003.png
  artifactKey: Guid(6945a2698c58d20459846914d77373cc) Importer(815301076,1909f56bfc062723c751e8b465ee728b)
Start importing Assets/Animations/Jellyfish/Rebond/Rebond_00003.png using Guid(6945a2698c58d20459846914d77373cc) Importer(815301076,1909f56bfc062723c751e8b465ee728b)  -> (artifact id: '9c23bbf8ebad37855b8fd4695e52d2e6') in 0.094460 seconds 
========================================================================
Received Import Request.
  Time since last request: 0.000043 seconds.
  path: Assets/Animations/Jellyfish/Rebond/Rebond_00002.png
  artifactKey: Guid(f0e5b94123f321a4a8806537f493273e) Importer(815301076,1909f56bfc062723c751e8b465ee728b)
Start importing Assets/Animations/Jellyfish/Rebond/Rebond_00002.png using Guid(f0e5b94123f321a4a8806537f493273e) Importer(815301076,1909f56bfc062723c751e8b465ee728b)  -> (artifact id: '984ab5dee12b390780f40c7cf128d6b7') in 0.127622 seconds 
========================================================================
Received Import Request.
  Time since last request: 0.000054 seconds.
  path: Assets/Animations/Jellyfish/Rebond/Rebond_00012.png
  artifactKey: Guid(0b8980dc1d101ef49809d33b72edf571) Importer(815301076,1909f56bfc062723c751e8b465ee728b)
Start importing Assets/Animations/Jellyfish/Rebond/Rebond_00012.png using Guid(0b8980dc1d101ef49809d33b72edf571) Importer(815301076,1909f56bfc062723c751e8b465ee728b)  -> (artifact id: '5b4536e443097147b358cdcf0a761544') in 0.161728 seconds 
========================================================================
Received Import Request.
  Time since last request: 0.000059 seconds.
  path: Assets/Animations/Jellyfish/Rebond/Rebond_00006.png
  artifactKey: Guid(303c6ab937b9da542b3009f591de9d1e) Importer(815301076,1909f56bfc062723c751e8b465ee728b)
Start importing Assets/Animations/Jellyfish/Rebond/Rebond_00006.png using Guid(303c6ab937b9da542b3009f591de9d1e) Importer(815301076,1909f56bfc062723c751e8b465ee728b)  -> (artifact id: 'a4425e1be7029bae5b0e9ab8c2a17ad7') in 0.146717 seconds 
========================================================================
Received Import Request.
  Time since last request: 0.000030 seconds.
  path: Assets/Animations/Jellyfish/Rebond/Rebond_00009.png
  artifactKey: Guid(d45bb04bb08dc524f84816d1c5c8f4a4) Importer(815301076,1909f56bfc062723c751e8b465ee728b)
Start importing Assets/Animations/Jellyfish/Rebond/Rebond_00009.png using Guid(d45bb04bb08dc524f84816d1c5c8f4a4) Importer(815301076,1909f56bfc062723c751e8b465ee728b)  -> (artifact id: '6a90ef169d947e8634d03b88f862cb6b') in 0.123021 seconds 
========================================================================
Received Import Request.
  Time since last request: 0.000053 seconds.
  path: Assets/Animations/Jellyfish/Rebond/Rebond_00014.png
  artifactKey: Guid(d5ed47147ab900346ad9526c37db0a9f) Importer(815301076,1909f56bfc062723c751e8b465ee728b)
Start importing Assets/Animations/Jellyfish/Rebond/Rebond_00014.png using Guid(d5ed47147ab900346ad9526c37db0a9f) Importer(815301076,1909f56bfc062723c751e8b465ee728b)  -> (artifact id: 'c789cf23cc603eb647fc06c71a62eedd') in 0.117712 seconds 
