Using pre-set license
Built from '2021.2/staging' branch; Version is '2021.2.17f1 (efb8f635e7b1) revision 15710454'; Using compiler version '192829333'; Build Type 'Release'
OS: 'Windows 10  (10.0.19043) 64bit Core' Language: 'fr' Physical Memory: 8075 MB
BatchMode: 1, IsHumanControllingUs: 0, StartBugReporterOnCrash: 0, Is64bit: 1, IsPro: 1

COMMAND LINE ARGUMENTS:
C:\Program Files\Unity\Hub\Editor\2021.2.17f1\Editor\Unity.exe
-adb2
-batchMode
-noUpm
-name
AssetImportWorker4
-projectPath
D:/Travail perso/Jam Poisson/Poisson_GJ/Poisson_GJ
-logFile
Logs/AssetImportWorker4.log
-srvPort
53339
Successfully changed project path to: D:/Travail perso/Jam Poisson/Poisson_GJ/Poisson_GJ
D:/Travail perso/Jam Poisson/Poisson_GJ/Poisson_GJ
[UnityMemory] Configuration Parameters - Can be set up in boot.config
    "memorysetup-bucket-allocator-granularity=16"
    "memorysetup-bucket-allocator-bucket-count=8"
    "memorysetup-bucket-allocator-block-size=33554432"
    "memorysetup-bucket-allocator-block-count=8"
    "memorysetup-main-allocator-block-size=16777216"
    "memorysetup-thread-allocator-block-size=16777216"
    "memorysetup-gfx-main-allocator-block-size=16777216"
    "memorysetup-gfx-thread-allocator-block-size=16777216"
    "memorysetup-cache-allocator-block-size=4194304"
    "memorysetup-typetree-allocator-block-size=2097152"
    "memorysetup-profiler-bucket-allocator-granularity=16"
    "memorysetup-profiler-bucket-allocator-bucket-count=8"
    "memorysetup-profiler-bucket-allocator-block-size=33554432"
    "memorysetup-profiler-bucket-allocator-block-count=8"
    "memorysetup-profiler-allocator-block-size=16777216"
    "memorysetup-profiler-editor-allocator-block-size=1048576"
    "memorysetup-temp-allocator-size-main=16777216"
    "memorysetup-job-temp-allocator-block-size=2097152"
    "memorysetup-job-temp-allocator-block-size-background=1048576"
    "memorysetup-job-temp-allocator-reduction-small-platforms=262144"
    "memorysetup-temp-allocator-size-background-worker=32768"
    "memorysetup-temp-allocator-size-job-worker=262144"
    "memorysetup-temp-allocator-size-preload-manager=33554432"
    "memorysetup-temp-allocator-size-nav-mesh-worker=65536"
    "memorysetup-temp-allocator-size-audio-worker=65536"
    "memorysetup-temp-allocator-size-cloud-worker=32768"
    "memorysetup-temp-allocator-size-gi-baking-worker=262144"
    "memorysetup-temp-allocator-size-gfx=262144"
Refreshing native plugins compatible for Editor in 163.53 ms, found 4 plugins.
Preloading 0 native plugins for Editor in 0.00 ms.
Initialize engine version: 2021.2.17f1 (efb8f635e7b1)
[Subsystems] Discovering subsystems at path C:/Program Files/Unity/Hub/Editor/2021.2.17f1/Editor/Data/Resources/UnitySubsystems
[Subsystems] Discovering subsystems at path D:/Travail perso/Jam Poisson/Poisson_GJ/Poisson_GJ/Assets
GfxDevice: creating device client; threaded=0; jobified=0
Direct3D:
    Version:  Direct3D 11.0 [level 11.1]
    Renderer: NVIDIA GeForce GTX 1050 (ID=0x1c8d)
    Vendor:   NVIDIA
    VRAM:     4021 MB
    Driver:   24.21.13.9924
Initialize mono
Mono path[0] = 'C:/Program Files/Unity/Hub/Editor/2021.2.17f1/Editor/Data/Managed'
Mono path[1] = 'C:/Program Files/Unity/Hub/Editor/2021.2.17f1/Editor/Data/MonoBleedingEdge/lib/mono/unityjit-win32'
Mono config path = 'C:/Program Files/Unity/Hub/Editor/2021.2.17f1/Editor/Data/MonoBleedingEdge/etc'
Using monoOptions --debugger-agent=transport=dt_socket,embedding=1,server=y,suspend=n,address=127.0.0.1:56868
Begin MonoManager ReloadAssembly
Registering precompiled unity dll's ...
Register platform support module: C:/Program Files/Unity/Hub/Editor/2021.2.17f1/Editor/Data/PlaybackEngines/WindowsStandaloneSupport/UnityEditor.WindowsStandalone.Extensions.dll
Registered in 0.009504 seconds.
Native extension for WindowsStandalone target not found
Refreshing native plugins compatible for Editor in 159.79 ms, found 4 plugins.
Preloading 0 native plugins for Editor in 0.00 ms.
Mono: successfully reloaded assembly
- Completed reload, in  0.892 seconds
Domain Reload Profiling:
	ReloadAssembly (892ms)
		BeginReloadAssembly (96ms)
			ExecutionOrderSort (0ms)
			DisableScriptedObjects (0ms)
			BackupInstance (0ms)
			ReleaseScriptingObjects (0ms)
			CreateAndSetChildDomain (1ms)
		EndReloadAssembly (654ms)
			LoadAssemblies (93ms)
			RebuildTransferFunctionScriptingTraits (0ms)
			SetupTypeCache (150ms)
			ReleaseScriptCaches (0ms)
			RebuildScriptCaches (38ms)
			SetupLoadedEditorAssemblies (396ms)
				LogAssemblyErrors (0ms)
				InitializePlatformSupportModulesInManaged (10ms)
				SetLoadedEditorAssemblies (0ms)
				RefreshPlugins (160ms)
				BeforeProcessingInitializeOnLoad (1ms)
				ProcessInitializeOnLoadAttributes (166ms)
				ProcessInitializeOnLoadMethodAttributes (58ms)
				AfterProcessingInitializeOnLoad (0ms)
				EditorAssembliesLoaded (0ms)
			ExecutionOrderSort2 (0ms)
			AwakeInstancesAfterBackupRestoration (0ms)
Platform modules already initialized, skipping
Registering precompiled user dll's ...
Registered in 0.006414 seconds.
Begin MonoManager ReloadAssembly
Symbol file LoadedFromMemory doesn't match image D:\Travail perso\Jam Poisson\Poisson_GJ\Poisson_GJ\Library\PackageCache\com.unity.visualscripting@1.7.6\Editor\VisualScripting.Core\Dependencies\YamlDotNet\Unity.VisualScripting.YamlDotNet.dll
Symbol file LoadedFromMemory doesn't match image D:\Travail perso\Jam Poisson\Poisson_GJ\Poisson_GJ\Library\PackageCache\com.unity.visualscripting@1.7.6\Editor\VisualScripting.Core\Dependencies\DotNetZip\Unity.VisualScripting.IonicZip.dll
Native extension for WindowsStandalone target not found
Refreshing native plugins compatible for Editor in 167.71 ms, found 4 plugins.
Preloading 0 native plugins for Editor in 0.00 ms.
Mono: successfully reloaded assembly
- Completed reload, in  7.504 seconds
Domain Reload Profiling:
	ReloadAssembly (7505ms)
		BeginReloadAssembly (142ms)
			ExecutionOrderSort (0ms)
			DisableScriptedObjects (6ms)
			BackupInstance (0ms)
			ReleaseScriptingObjects (0ms)
			CreateAndSetChildDomain (24ms)
		EndReloadAssembly (7225ms)
			LoadAssemblies (122ms)
			RebuildTransferFunctionScriptingTraits (0ms)
			SetupTypeCache (399ms)
			ReleaseScriptCaches (1ms)
			RebuildScriptCaches (93ms)
			SetupLoadedEditorAssemblies (6554ms)
				LogAssemblyErrors (0ms)
				InitializePlatformSupportModulesInManaged (7ms)
				SetLoadedEditorAssemblies (0ms)
				RefreshPlugins (168ms)
				BeforeProcessingInitializeOnLoad (174ms)
				ProcessInitializeOnLoadAttributes (6083ms)
				ProcessInitializeOnLoadMethodAttributes (109ms)
				AfterProcessingInitializeOnLoad (12ms)
				EditorAssembliesLoaded (0ms)
			ExecutionOrderSort2 (0ms)
			AwakeInstancesAfterBackupRestoration (7ms)
Platform modules already initialized, skipping
========================================================================
Worker process is ready to serve import requests
Launched and connected shader compiler UnityShaderCompiler.exe after 0.16 seconds
Refreshing native plugins compatible for Editor in 1.28 ms, found 4 plugins.
Preloading 0 native plugins for Editor in 0.00 ms.
Unloading 5453 Unused Serialized files (Serialized files now loaded: 0)
Unloading 42 unused Assets / (0.8 MB). Loaded Objects now: 5908.
Memory consumption went from 209.6 MB to 208.9 MB.
Total: 6.184100 ms (FindLiveObjects: 0.763900 ms CreateObjectMapping: 0.608200 ms MarkObjects: 4.337100 ms  DeleteObjects: 0.474000 ms)

AssetImportParameters requested are different than current active one (requested -> active):
  custom:video-decoder-ogg-theora: a1e56fd34408186e4bbccfd4996cb3dc -> 
  custom:container-muxer-webm: aa71ff27fc2769a1b78a27578f13a17b -> 
  custom:container-demuxer-webm: 4f35f7cbe854078d1ac9338744f61a02 -> 
  custom:video-encoder-webm-vp8: eb34c28f22e8b96e1ab97ce403110664 -> 
  custom:video-codec-MediaFoundation-h265: 746d11721c4dcdbdad8f713fa42b33f4 -> 
  custom:audio-encoder-webm-vorbis: bf7c407c2cedff20999df2af8eb42d56 -> 
  custom:framework-win-MediaFoundation: 216162199b28c13a410421893ffa2e32 -> 
  custom:container-demuxer-ogg: 62fdf1f143b41e24485cea50d1cbac27 -> 
  custom:video-decoder-webm-vp8: 9c59270c3fd7afecdb556c50c9e8de78 -> 
  custom:audio-decoder-ogg-vorbis: bf7c407c2cedff20999df2af8eb42d56 -> 
========================================================================
Received Import Request.
  Time since last request: 254816.986679 seconds.
  path: Assets/Animations/Fish/FishAnim_00000.png
  artifactKey: Guid(f7231ac0f3296fe45957c3b51615bca4) Importer(815301076,1909f56bfc062723c751e8b465ee728b)
Start importing Assets/Animations/Fish/FishAnim_00000.png using Guid(f7231ac0f3296fe45957c3b51615bca4) Importer(815301076,1909f56bfc062723c751e8b465ee728b)  -> (artifact id: '5e432759ef873b0867a17026e273ef6c') in 0.112139 seconds 
========================================================================
Received Import Request.
  Time since last request: 0.000053 seconds.
  path: Assets/Animations/Fish/FishAnim_00001.png
  artifactKey: Guid(168bc2a2101884b4282563af08a3c4ed) Importer(815301076,1909f56bfc062723c751e8b465ee728b)
Start importing Assets/Animations/Fish/FishAnim_00001.png using Guid(168bc2a2101884b4282563af08a3c4ed) Importer(815301076,1909f56bfc062723c751e8b465ee728b)  -> (artifact id: 'fa86674b409d514568e3e22d96e73f5b') in 0.088166 seconds 
========================================================================
Received Import Request.
  Time since last request: 48.836726 seconds.
  path: Assets/Animations/Fish/FishAnim_00000.png
  artifactKey: Guid(f7231ac0f3296fe45957c3b51615bca4) Importer(815301076,1909f56bfc062723c751e8b465ee728b)
Start importing Assets/Animations/Fish/FishAnim_00000.png using Guid(f7231ac0f3296fe45957c3b51615bca4) Importer(815301076,1909f56bfc062723c751e8b465ee728b)  -> (artifact id: 'f009589bdb47bfbcadcef10f6f23d094') in 0.132047 seconds 
========================================================================
Received Import Request.
  Time since last request: 0.000080 seconds.
  path: Assets/Animations/Fish/FishAnim_00004.png
  artifactKey: Guid(b3c0cf8dd95a654489444a3d64356489) Importer(815301076,1909f56bfc062723c751e8b465ee728b)
Start importing Assets/Animations/Fish/FishAnim_00004.png using Guid(b3c0cf8dd95a654489444a3d64356489) Importer(815301076,1909f56bfc062723c751e8b465ee728b)  -> (artifact id: 'a7a73d9c92f7ae36d0ee342c4c0bfb40') in 0.043540 seconds 
========================================================================
Received Import Request.
  Time since last request: 0.000032 seconds.
  path: Assets/Animations/Fish/FishAnim_00012.png
  artifactKey: Guid(ad4a40a3311d2b54c8013948be926234) Importer(815301076,1909f56bfc062723c751e8b465ee728b)
Start importing Assets/Animations/Fish/FishAnim_00012.png using Guid(ad4a40a3311d2b54c8013948be926234) Importer(815301076,1909f56bfc062723c751e8b465ee728b)  -> (artifact id: '2151bd148de6123a447cd8b6630cb055') in 0.027950 seconds 
========================================================================
Received Import Request.
  Time since last request: 0.000041 seconds.
  path: Assets/Animations/Fish/FishAnim_00008.png
  artifactKey: Guid(771614670a97dd14bba4d25d2180ecd9) Importer(815301076,1909f56bfc062723c751e8b465ee728b)
Start importing Assets/Animations/Fish/FishAnim_00008.png using Guid(771614670a97dd14bba4d25d2180ecd9) Importer(815301076,1909f56bfc062723c751e8b465ee728b)  -> (artifact id: '464440dbca38b66c6bca5724443243b2') in 0.043315 seconds 
========================================================================
Received Import Request.
  Time since last request: 0.000029 seconds.
  path: Assets/Animations/Fish/FishAnim_00013.png
  artifactKey: Guid(67b3e9eecc7a6c84586080aeeb39d412) Importer(815301076,1909f56bfc062723c751e8b465ee728b)
Start importing Assets/Animations/Fish/FishAnim_00013.png using Guid(67b3e9eecc7a6c84586080aeeb39d412) Importer(815301076,1909f56bfc062723c751e8b465ee728b)  -> (artifact id: '90d390c97a8751cb933a18379bf62046') in 0.042985 seconds 
========================================================================
Received Import Request.
  Time since last request: 0.000027 seconds.
  path: Assets/Animations/Fish/FishAnim_00003.png
  artifactKey: Guid(eec258947c76bd2469502b45375664f0) Importer(815301076,1909f56bfc062723c751e8b465ee728b)
Start importing Assets/Animations/Fish/FishAnim_00003.png using Guid(eec258947c76bd2469502b45375664f0) Importer(815301076,1909f56bfc062723c751e8b465ee728b)  -> (artifact id: '308aa71b4c91387b7da91fcf6689296e') in 0.028630 seconds 
========================================================================
Received Import Request.
  Time since last request: 0.000053 seconds.
  path: Assets/Animations/Fish/FishAnim_00009.png
  artifactKey: Guid(6d09a7a797dfcdc4c9732126f27a6aa7) Importer(815301076,1909f56bfc062723c751e8b465ee728b)
Start importing Assets/Animations/Fish/FishAnim_00009.png using Guid(6d09a7a797dfcdc4c9732126f27a6aa7) Importer(815301076,1909f56bfc062723c751e8b465ee728b)  -> (artifact id: '897ba8e3055fc805bb373bf0e223acba') in 0.041635 seconds 
========================================================================
Received Import Request.
  Time since last request: 395.295570 seconds.
  path: Assets/Animations/Jellyfish/Idle/Idle.anim
  artifactKey: Guid(0a2f679969d16ca4384b49e73fca5119) Importer(815301076,1909f56bfc062723c751e8b465ee728b)
Start importing Assets/Animations/Jellyfish/Idle/Idle.anim using Guid(0a2f679969d16ca4384b49e73fca5119) Importer(815301076,1909f56bfc062723c751e8b465ee728b)  -> (artifact id: '41ee6e59d9ec0c8c10ab699a0f4c40d3') in 0.056554 seconds 
========================================================================
Received Import Request.
  Time since last request: 272.665713 seconds.
  path: Assets/Prefab/AI_Fish.prefab
  artifactKey: Guid(e6c1770e737c86a45884145c32900c69) Importer(815301076,1909f56bfc062723c751e8b465ee728b)
Start importing Assets/Prefab/AI_Fish.prefab using Guid(e6c1770e737c86a45884145c32900c69) Importer(815301076,1909f56bfc062723c751e8b465ee728b)  -> (artifact id: '74e27a423034a45f6e0993d76236b8cf') in 0.279902 seconds 
========================================================================
Received Import Request.
  Time since last request: 0.000029 seconds.
  path: Assets/Prefab/RockBorder.prefab
  artifactKey: Guid(6767b7c85511e12489439fa8753dd9df) Importer(815301076,1909f56bfc062723c751e8b465ee728b)
Start importing Assets/Prefab/RockBorder.prefab using Guid(6767b7c85511e12489439fa8753dd9df) Importer(815301076,1909f56bfc062723c751e8b465ee728b)  -> (artifact id: 'a96a35891d0ebed7d21fda8dffc8a75a') in 0.270848 seconds 
========================================================================
Received Import Request.
  Time since last request: 0.000030 seconds.
  path: Assets/Prefab/RockWall10.prefab
  artifactKey: Guid(5212e8adbf9af614ba4cdb235c15e8d7) Importer(815301076,1909f56bfc062723c751e8b465ee728b)
Start importing Assets/Prefab/RockWall10.prefab using Guid(5212e8adbf9af614ba4cdb235c15e8d7) Importer(815301076,1909f56bfc062723c751e8b465ee728b)  -> (artifact id: '93e68a46bdfa4f877e79c4a43007b30f') in 0.269884 seconds 
========================================================================
Received Import Request.
  Time since last request: 0.000026 seconds.
  path: Assets/Prefab/RockWall7.prefab
  artifactKey: Guid(57f8ef806c9cd924d883e1d367f2c5b2) Importer(815301076,1909f56bfc062723c751e8b465ee728b)
Start importing Assets/Prefab/RockWall7.prefab using Guid(57f8ef806c9cd924d883e1d367f2c5b2) Importer(815301076,1909f56bfc062723c751e8b465ee728b)  -> (artifact id: '201d66ebead96165eab99863bf9d3e2a') in 0.142372 seconds 
========================================================================
Received Import Request.
  Time since last request: 0.000034 seconds.
  path: Assets/Prefab/RockWall4.prefab
  artifactKey: Guid(ace6db19a875c9e4a95114a7681e99be) Importer(815301076,1909f56bfc062723c751e8b465ee728b)
Start importing Assets/Prefab/RockWall4.prefab using Guid(ace6db19a875c9e4a95114a7681e99be) Importer(815301076,1909f56bfc062723c751e8b465ee728b)  -> (artifact id: '6e59c46b20368efde0a2c88a8c53c3b5') in 0.276229 seconds 
========================================================================
Received Import Request.
  Time since last request: 0.000050 seconds.
  path: Assets/Prefab/RockWall2.prefab
  artifactKey: Guid(8cc92f71939733749a8e1010298dc45e) Importer(815301076,1909f56bfc062723c751e8b465ee728b)
Start importing Assets/Prefab/RockWall2.prefab using Guid(8cc92f71939733749a8e1010298dc45e) Importer(815301076,1909f56bfc062723c751e8b465ee728b)  -> (artifact id: '7a201135823ea626b29eca1708bd416c') in 0.324906 seconds 
========================================================================
Received Import Request.
  Time since last request: 0.000039 seconds.
  path: Assets/Prefab/RockBorder1.prefab
  artifactKey: Guid(a2e75c8676d4b404fba6a65e6447f549) Importer(815301076,1909f56bfc062723c751e8b465ee728b)
Start importing Assets/Prefab/RockBorder1.prefab using Guid(a2e75c8676d4b404fba6a65e6447f549) Importer(815301076,1909f56bfc062723c751e8b465ee728b)  -> (artifact id: '16b4225b6e9819c3f6b821d5ecc835f2') in 0.158578 seconds 
========================================================================
Received Import Request.
  Time since last request: 0.000033 seconds.
  path: Assets/Prefab/RockWall6.prefab
  artifactKey: Guid(a32cfab4364ada34b802bd889247146e) Importer(815301076,1909f56bfc062723c751e8b465ee728b)
Start importing Assets/Prefab/RockWall6.prefab using Guid(a32cfab4364ada34b802bd889247146e) Importer(815301076,1909f56bfc062723c751e8b465ee728b)  -> (artifact id: '5da972ad94fb8f85046a676ad26cb483') in 0.074863 seconds 
========================================================================
Received Import Request.
  Time since last request: 177.037980 seconds.
  path: Assets/Animations/Jellyfish/Idle/IdleAnim.anim
  artifactKey: Guid(40c5794df6910f8439a2019f3cbb9c30) Importer(815301076,1909f56bfc062723c751e8b465ee728b)
Start importing Assets/Animations/Jellyfish/Idle/IdleAnim.anim using Guid(40c5794df6910f8439a2019f3cbb9c30) Importer(815301076,1909f56bfc062723c751e8b465ee728b)  -> (artifact id: 'e535b70804d733caa7220aeec698b47f') in 0.011092 seconds 
========================================================================
Received Import Request.
  Time since last request: 36.160670 seconds.
  path: Assets/Prefab/JellyFish.prefab
  artifactKey: Guid(cb2f6a9e68e122d4a9342c25bcd1c5bb) Importer(815301076,1909f56bfc062723c751e8b465ee728b)
Start importing Assets/Prefab/JellyFish.prefab using Guid(cb2f6a9e68e122d4a9342c25bcd1c5bb) Importer(815301076,1909f56bfc062723c751e8b465ee728b)  -> (artifact id: '905a29cadda569049bc2efee85fc251a') in 0.016408 seconds 
========================================================================
Received Import Request.
  Time since last request: 68.372518 seconds.
  path: Assets/Prefab/JellyFish_Old.prefab
  artifactKey: Guid(cb2f6a9e68e122d4a9342c25bcd1c5bb) Importer(815301076,1909f56bfc062723c751e8b465ee728b)
Start importing Assets/Prefab/JellyFish_Old.prefab using Guid(cb2f6a9e68e122d4a9342c25bcd1c5bb) Importer(815301076,1909f56bfc062723c751e8b465ee728b)  -> (artifact id: '2bdde7442c63e3d7c4dae6eb48a94132') in 0.033171 seconds 
========================================================================
Received Import Request.
  Time since last request: 46.769385 seconds.
  path: Assets/Prefab/Jellifish.prefab
  artifactKey: Guid(377bd17c6472087439a6a18ec7b2ede7) Importer(815301076,1909f56bfc062723c751e8b465ee728b)
Start importing Assets/Prefab/Jellifish.prefab using Guid(377bd17c6472087439a6a18ec7b2ede7) Importer(815301076,1909f56bfc062723c751e8b465ee728b)  -> (artifact id: 'e2de589d803dac99dffc15cd354cadce') in 0.014537 seconds 
========================================================================
Received Import Request.
  Time since last request: 13.186434 seconds.
  path: Assets/Prefab/Jellyfish.prefab
  artifactKey: Guid(377bd17c6472087439a6a18ec7b2ede7) Importer(815301076,1909f56bfc062723c751e8b465ee728b)
Start importing Assets/Prefab/Jellyfish.prefab using Guid(377bd17c6472087439a6a18ec7b2ede7) Importer(815301076,1909f56bfc062723c751e8b465ee728b)  -> (artifact id: '4159fa36ea7c13e0f7cfbcb92e047f08') in 0.024979 seconds 
========================================================================
Received Import Request.
  Time since last request: 5.848280 seconds.
  path: Assets/Animations/Jellyfish/Idle/Idle_00000.controller
  artifactKey: Guid(445c46e2769670d41ad52d171bd0822f) Importer(815301076,1909f56bfc062723c751e8b465ee728b)
Start importing Assets/Animations/Jellyfish/Idle/Idle_00000.controller using Guid(445c46e2769670d41ad52d171bd0822f) Importer(815301076,1909f56bfc062723c751e8b465ee728b)  -> (artifact id: '8435c7536ed421ef7e407e4e30935311') in 0.015855 seconds 
========================================================================
Received Import Request.
  Time since last request: 97.909640 seconds.
  path: Assets/Animations/Jellyfish/Idle/Rebond.anim
  artifactKey: Guid(a4226c41a65a8c145af578dd1c4d44a8) Importer(815301076,1909f56bfc062723c751e8b465ee728b)
Start importing Assets/Animations/Jellyfish/Idle/Rebond.anim using Guid(a4226c41a65a8c145af578dd1c4d44a8) Importer(815301076,1909f56bfc062723c751e8b465ee728b)  -> (artifact id: '51bdc225c80c6bfb9adf0b06a821a7a8') in 0.278309 seconds 
========================================================================
Received Import Request.
  Time since last request: 13.766071 seconds.
  path: Assets/Animations/Jellyfish/Idle/JellyfishAnim.controller
  artifactKey: Guid(445c46e2769670d41ad52d171bd0822f) Importer(815301076,1909f56bfc062723c751e8b465ee728b)
Start importing Assets/Animations/Jellyfish/Idle/JellyfishAnim.controller using Guid(445c46e2769670d41ad52d171bd0822f) Importer(815301076,1909f56bfc062723c751e8b465ee728b)  -> (artifact id: '79d66ce834590e6d00518f25b1775ec0') in 0.009131 seconds 
========================================================================
Received Import Request.
  Time since last request: 24.559343 seconds.
  path: Assets/Animations/Jellyfish/Rebond/Rebond_00000.png
  artifactKey: Guid(15244aef93376d64184107476e7f1220) Importer(815301076,1909f56bfc062723c751e8b465ee728b)
Start importing Assets/Animations/Jellyfish/Rebond/Rebond_00000.png using Guid(15244aef93376d64184107476e7f1220) Importer(815301076,1909f56bfc062723c751e8b465ee728b)  -> (artifact id: '00601bb8a61c44c84fa30bb454f8d5cf') in 0.178491 seconds 
========================================================================
Received Import Request.
  Time since last request: 0.000030 seconds.
  path: Assets/Animations/Jellyfish/Rebond/Rebond_00004.png
  artifactKey: Guid(16e01ac7c1238c7449975b20f8331165) Importer(815301076,1909f56bfc062723c751e8b465ee728b)
Start importing Assets/Animations/Jellyfish/Rebond/Rebond_00004.png using Guid(16e01ac7c1238c7449975b20f8331165) Importer(815301076,1909f56bfc062723c751e8b465ee728b)  -> (artifact id: 'b94c784c064790bc6879897c5a4fe94b') in 0.112657 seconds 
========================================================================
Received Import Request.
  Time since last request: 0.000033 seconds.
  path: Assets/Animations/Jellyfish/Rebond/Rebond_00018.png
  artifactKey: Guid(2721c78fc6cd6bc4689a41b4192bfe23) Importer(815301076,1909f56bfc062723c751e8b465ee728b)
Start importing Assets/Animations/Jellyfish/Rebond/Rebond_00018.png using Guid(2721c78fc6cd6bc4689a41b4192bfe23) Importer(815301076,1909f56bfc062723c751e8b465ee728b)  -> (artifact id: '61180853112313a56cda2602e823b11d') in 0.147493 seconds 
========================================================================
Received Import Request.
  Time since last request: 0.000025 seconds.
  path: Assets/Animations/Jellyfish/Rebond/Rebond_00008.png
  artifactKey: Guid(6fd38436e7dbc0d43b4879de55ba4c51) Importer(815301076,1909f56bfc062723c751e8b465ee728b)
Start importing Assets/Animations/Jellyfish/Rebond/Rebond_00008.png using Guid(6fd38436e7dbc0d43b4879de55ba4c51) Importer(815301076,1909f56bfc062723c751e8b465ee728b)  -> (artifact id: 'f23b4cb34a4482615cd64d42f91b12fc') in 0.099371 seconds 
========================================================================
Received Import Request.
  Time since last request: 0.000025 seconds.
  path: Assets/Animations/Jellyfish/Rebond/Rebond_00013.png
  artifactKey: Guid(01fe044cfcd11054bb799f94152d1bf8) Importer(815301076,1909f56bfc062723c751e8b465ee728b)
Start importing Assets/Animations/Jellyfish/Rebond/Rebond_00013.png using Guid(01fe044cfcd11054bb799f94152d1bf8) Importer(815301076,1909f56bfc062723c751e8b465ee728b)  -> (artifact id: '8753bdcf2e148c827feb420ced6ea813') in 0.128041 seconds 
========================================================================
Received Import Request.
  Time since last request: 0.000051 seconds.
  path: Assets/Animations/Jellyfish/Rebond/Rebond_00011.png
  artifactKey: Guid(11fd5bf0c60a82641bc817c92e9ab55c) Importer(815301076,1909f56bfc062723c751e8b465ee728b)
Start importing Assets/Animations/Jellyfish/Rebond/Rebond_00011.png using Guid(11fd5bf0c60a82641bc817c92e9ab55c) Importer(815301076,1909f56bfc062723c751e8b465ee728b)  -> (artifact id: '359ad35f19c4c848bb85ac909c2a107e') in 0.087212 seconds 
========================================================================
Received Import Request.
  Time since last request: 0.000055 seconds.
  path: Assets/Animations/Jellyfish/Rebond/Rebond_00005.png
  artifactKey: Guid(694674684aa7d5843b39fefb388d0cd6) Importer(815301076,1909f56bfc062723c751e8b465ee728b)
Start importing Assets/Animations/Jellyfish/Rebond/Rebond_00005.png using Guid(694674684aa7d5843b39fefb388d0cd6) Importer(815301076,1909f56bfc062723c751e8b465ee728b)  -> (artifact id: 'aca0cbea9544e5dd804634dd24d18710') in 0.124675 seconds 
========================================================================
Received Import Request.
  Time since last request: 0.000026 seconds.
  path: Assets/Animations/Jellyfish/Rebond/Rebond_00015.png
  artifactKey: Guid(585b4dff99d63d4449b4c8d2085149fd) Importer(815301076,1909f56bfc062723c751e8b465ee728b)
Start importing Assets/Animations/Jellyfish/Rebond/Rebond_00015.png using Guid(585b4dff99d63d4449b4c8d2085149fd) Importer(815301076,1909f56bfc062723c751e8b465ee728b)  -> (artifact id: '75776d4db0bad19d445f3333c8c1be2c') in 0.110648 seconds 
========================================================================
Received Import Request.
  Time since last request: 0.000068 seconds.
  path: Assets/Animations/Jellyfish/Rebond/Rebond_00016.png
  artifactKey: Guid(27630d42bfc439e4b86bb28bb18e91c7) Importer(815301076,1909f56bfc062723c751e8b465ee728b)
Start importing Assets/Animations/Jellyfish/Rebond/Rebond_00016.png using Guid(27630d42bfc439e4b86bb28bb18e91c7) Importer(815301076,1909f56bfc062723c751e8b465ee728b)  -> (artifact id: '76c2be8348e60664d85eb5a890641732') in 0.086144 seconds 
========================================================================
Received Import Request.
  Time since last request: 0.000027 seconds.
  path: Assets/Animations/Jellyfish/Rebond/Rebond_00007.png
  artifactKey: Guid(0650502d4768de441b28550bcc6e168e) Importer(815301076,1909f56bfc062723c751e8b465ee728b)
Start importing Assets/Animations/Jellyfish/Rebond/Rebond_00007.png using Guid(0650502d4768de441b28550bcc6e168e) Importer(815301076,1909f56bfc062723c751e8b465ee728b)  -> (artifact id: '76821ae28e24cd5dedbb231a96c32f8c') in 0.096163 seconds 
